Release 14.7 - xst P.20131013 (nt)
Copyright (c) 1995-2013 Xilinx, Inc.  All rights reserved.
--> Parameter TMPDIR set to xst/projnav.tmp


Total REAL time to Xst completion: 0.00 secs
Total CPU time to Xst completion: 0.17 secs
 
--> Parameter xsthdpdir set to xst


Total REAL time to Xst completion: 0.00 secs
Total CPU time to Xst completion: 0.17 secs
 
--> Reading design: COFFEE_M_W.prj

TABLE OF CONTENTS
  1) Synthesis Options Summary
  2) HDL Compilation
  3) Design Hierarchy Analysis
  4) HDL Analysis
  5) HDL Synthesis
     5.1) HDL Synthesis Report
  6) Advanced HDL Synthesis
     6.1) Advanced HDL Synthesis Report
  7) Low Level Synthesis
  8) Partition Report
  9) Final Report
	9.1) Device utilization summary
	9.2) Partition Resource Summary
	9.3) TIMING REPORT


=========================================================================
*                      Synthesis Options Summary                        *
=========================================================================
---- Source Parameters
Input File Name                    : "COFFEE_M_W.prj"
Input Format                       : mixed
Ignore Synthesis Constraint File   : NO

---- Target Parameters
Output File Name                   : "COFFEE_M_W"
Output Format                      : NGC
Target Device                      : xc3s1000-5-ft256

---- Source Options
Top Module Name                    : COFFEE_M_W
Automatic FSM Extraction           : YES
FSM Encoding Algorithm             : Auto
Safe Implementation                : No
FSM Style                          : LUT
RAM Extraction                     : Yes
RAM Style                          : Auto
ROM Extraction                     : Yes
Mux Style                          : Auto
Decoder Extraction                 : YES
Priority Encoder Extraction        : Yes
Shift Register Extraction          : YES
Logical Shifter Extraction         : YES
XOR Collapsing                     : YES
ROM Style                          : Auto
Mux Extraction                     : Yes
Resource Sharing                   : YES
Asynchronous To Synchronous        : NO
Multiplier Style                   : Auto
Automatic Register Balancing       : No

---- Target Options
Add IO Buffers                     : YES
Global Maximum Fanout              : 100000
Add Generic Clock Buffer(BUFG)     : 8
Register Duplication               : YES
Slice Packing                      : YES
Optimize Instantiated Primitives   : NO
Use Clock Enable                   : Yes
Use Synchronous Set                : Yes
Use Synchronous Reset              : Yes
Pack IO Registers into IOBs        : Auto
Equivalent register Removal        : YES

---- General Options
Optimization Goal                  : Speed
Optimization Effort                : 1
Keep Hierarchy                     : No
Netlist Hierarchy                  : As_Optimized
RTL Output                         : Yes
Global Optimization                : AllClockNets
Read Cores                         : YES
Write Timing Constraints           : NO
Cross Clock Analysis               : NO
Hierarchy Separator                : /
Bus Delimiter                      : <>
Case Specifier                     : Maintain
Slice Utilization Ratio            : 100
BRAM Utilization Ratio             : 100
Verilog 2001                       : YES
Auto BRAM Packing                  : NO
Slice Utilization Ratio Delta      : 5

=========================================================================


=========================================================================
*                          HDL Compilation                              *
=========================================================================
Compiling vhdl file "C:/Users/vickj/XlinxsProjects/Coffee_de_campo/Coffee_Machine_S1.vhd" in Library work.
Architecture input of Entity dummy_coffee_machine is up to date.
Compiling vhdl file "C:/Users/vickj/XlinxsProjects/Coffee_de_campo/Coffe_S2.vhd" in Library work.
Architecture mix of Entity coffe_s2 is up to date.
Compiling vhdl file "C:/Users/vickj/XlinxsProjects/Coffee_de_campo/Coffee_Machine_Whole.vhd" in Library work.
Architecture c2tb of Entity coffee_m_w is up to date.

=========================================================================
*                     Design Hierarchy Analysis                         *
=========================================================================
Analyzing hierarchy for entity <COFFEE_M_W> in library <work> (architecture <c2tb>).

Analyzing hierarchy for entity <dummy_coffee_Machine> in library <work> (architecture <input>).

Analyzing hierarchy for entity <Coffe_S2> in library <work> (architecture <mix>).


=========================================================================
*                            HDL Analysis                               *
=========================================================================
Analyzing Entity <COFFEE_M_W> in library <work> (Architecture <c2tb>).
Entity <COFFEE_M_W> analyzed. Unit <COFFEE_M_W> generated.

Analyzing Entity <dummy_coffee_Machine> in library <work> (Architecture <input>).
Entity <dummy_coffee_Machine> analyzed. Unit <dummy_coffee_Machine> generated.

Analyzing Entity <Coffe_S2> in library <work> (Architecture <mix>).
Entity <Coffe_S2> analyzed. Unit <Coffe_S2> generated.


=========================================================================
*                           HDL Synthesis                               *
=========================================================================

Performing bidirectional port resolution...

Synthesizing Unit <dummy_coffee_Machine>.
    Related source file is "C:/Users/vickj/XlinxsProjects/Coffee_de_campo/Coffee_Machine_S1.vhd".
Unit <dummy_coffee_Machine> synthesized.


Synthesizing Unit <Coffe_S2>.
    Related source file is "C:/Users/vickj/XlinxsProjects/Coffee_de_campo/Coffe_S2.vhd".
    Found 16x4-bit ROM for signal <COFFEE>.
    Summary:
	inferred   1 ROM(s).
Unit <Coffe_S2> synthesized.


Synthesizing Unit <COFFEE_M_W>.
    Related source file is "C:/Users/vickj/XlinxsProjects/Coffee_de_campo/Coffee_Machine_Whole.vhd".
Unit <COFFEE_M_W> synthesized.


=========================================================================
HDL Synthesis Report

Macro Statistics
# ROMs                                                 : 1
 16x4-bit ROM                                          : 1

=========================================================================

=========================================================================
*                       Advanced HDL Synthesis                          *
=========================================================================


=========================================================================
Advanced HDL Synthesis Report

Macro Statistics
# ROMs                                                 : 1
 16x4-bit ROM                                          : 1

=========================================================================

=========================================================================
*                         Low Level Synthesis                           *
=========================================================================

Optimizing unit <COFFEE_M_W> ...

Mapping all equations...
Building and optimizing final netlist ...
Found area constraint ratio of 100 (+ 5) on block COFFEE_M_W, actual ratio is 0.

Final Macro Processing ...

=========================================================================
Final Register Report

Found no macro
=========================================================================

=========================================================================
*                           Partition Report                            *
=========================================================================

Partition Implementation Status
-------------------------------

  No Partitions were found in this design.

-------------------------------

=========================================================================
*                            Final Report                               *
=========================================================================
Final Results
RTL Top Level Output File Name     : COFFEE_M_W.ngr
Top Level Output File Name         : COFFEE_M_W
Output Format                      : NGC
Optimization Goal                  : Speed
Keep Hierarchy                     : No

Design Statistics
# IOs                              : 26

Cell Usage :
# BELS                             : 12
#      GND                         : 1
#      LUT2                        : 1
#      LUT3                        : 6
#      LUT4                        : 3
#      MUXF5                       : 1
# IO Buffers                       : 26
#      IBUF                        : 6
#      OBUF                        : 20
=========================================================================

Device utilization summary:
---------------------------

Selected Device : 3s1000ft256-5 

 Number of Slices:                        6  out of   7680     0%  
 Number of 4 input LUTs:                 10  out of  15360     0%  
 Number of IOs:                          26
 Number of bonded IOBs:                  26  out of    173    15%  

---------------------------
Partition Resource Summary:
---------------------------

  No Partitions were found in this design.

---------------------------


=========================================================================
TIMING REPORT

NOTE: THESE TIMING NUMBERS ARE ONLY A SYNTHESIS ESTIMATE.
      FOR ACCURATE TIMING INFORMATION PLEASE REFER TO THE TRACE REPORT
      GENERATED AFTER PLACE-and-ROUTE.

Clock Information:
------------------
No clock signals found in this design

Asynchronous Control Signals Information:
----------------------------------------
No asynchronous control signals found in this design

Timing Summary:
---------------
Speed Grade: -5

   Minimum period: No path found
   Minimum input arrival time before clock: No path found
   Maximum output required time after clock: No path found
   Maximum combinational path delay: 10.772ns

Timing Detail:
--------------
All values displayed in nanoseconds (ns)

=========================================================================
Timing constraint: Default path analysis
  Total number of paths / destination ports: 51 / 9
-------------------------------------------------------------------------
Delay:               10.772ns (Levels of Logic = 5)
  Source:            UINPUT<4> (PAD)
  Destination:       SUGAR<0> (PAD)

  Data Path: UINPUT<4> to SUGAR<0>
                                Gate     Net
    Cell:in->out      fanout   Delay   Delay  Logical Name (Net Name)
    ----------------------------------------  ------------
     IBUF:I->O             4   0.715   1.074  UINPUT_4_IBUF (UINPUT_4_IBUF)
     LUT3:I0->O            2   0.479   1.040  CM2/SUGAR_or0000121 (N2)
     LUT3:I0->O            2   0.479   0.915  CM2/SUGAR_or0000211 (COFFEE_0_OBUF)
     LUT4:I1->O            1   0.479   0.681  CM2/SUGAR_or00001 (SUGAR_0_OBUF)
     OBUF:I->O                 4.909          SUGAR_0_OBUF (SUGAR<0>)
    ----------------------------------------
    Total                     10.772ns (7.061ns logic, 3.711ns route)
                                       (65.5% logic, 34.5% route)

=========================================================================


Total REAL time to Xst completion: 4.00 secs
Total CPU time to Xst completion: 4.20 secs
 
--> 

Total memory usage is 231504 kilobytes

Number of errors   :    0 (   0 filtered)
Number of warnings :    0 (   0 filtered)
Number of infos    :    0 (   0 filtered)

